/*C2*/SET SCHEMA PUBLIC
DELETE FROM MESSAGE WHERE ID='0cbe19f0-4f24-4d7f-93e0-3827152ea0f8'
INSERT INTO MESSAGE VALUES('0cbe19f0-4f24-4d7f-93e0-3827152ea0f8','fdsfdsfsdf','019778e8-f001-7ae5-a2bc-ff0738bd1256','60885987-1b61-4247-94c7-dff348347f93','L','2025-06-20 16:29:38.394710',NULL)
COMMIT
DISCONNECT
/*C3*/SET SCHEMA PUBLIC
DISCONNECT
/*C4*/SET SCHEMA PUBLIC
DISCONNECT
/*C5*/SET SCHEMA PUBLIC
DISCONNECT
/*C6*/SET SCHEMA PUBLIC
DISCONNECT
/*C7*/SET SCHEMA PUBLIC
DISCONNECT
/*C8*/SET SCHEMA PUBLIC
DISCONNECT
/*C9*/SET SCHEMA PUBLIC
DISCONNECT
/*C10*/SET SCHEMA PUBLIC
DISCONNECT
/*C11*/SET SCHEMA PUBLIC
DISCONNECT
